<?xml version="1.0" encoding="UTF-8"?>
<testng-results skipped="0" failed="0" ignored="0" total="1" passed="1">
  <reporter-output>
  </reporter-output>
  <suite name="Default suite" duration-ms="6952" started-at="2020-06-25T07:28:07Z" finished-at="2020-06-25T07:28:14Z">
    <groups>
    </groups>
    <test name="Default test" duration-ms="6952" started-at="2020-06-25T07:28:07Z" finished-at="2020-06-25T07:28:14Z">
      <class name="com.qa.singletonclass.PageTest">
        <test-method status="PASS" signature="setUp()[pri:0, instance:com.qa.singletonclass.PageTest@7ac7a4e4]" name="setUp" is-config="true" duration-ms="4031" started-at="2020-06-25T12:58:07Z" finished-at="2020-06-25T12:58:11Z">
          <reporter-output>
          </reporter-output>
        </test-method> <!-- setUp -->
        <test-method status="PASS" signature="testMethod1()[pri:0, instance:com.qa.singletonclass.PageTest@7ac7a4e4]" name="testMethod1" duration-ms="2035" started-at="2020-06-25T12:58:11Z" finished-at="2020-06-25T12:58:13Z">
          <reporter-output>
          </reporter-output>
        </test-method> <!-- testMethod1 -->
        <test-method status="PASS" signature="tearDown()[pri:0, instance:com.qa.singletonclass.PageTest@7ac7a4e4]" name="tearDown" is-config="true" duration-ms="835" started-at="2020-06-25T12:58:13Z" finished-at="2020-06-25T12:58:14Z">
          <reporter-output>
          </reporter-output>
        </test-method> <!-- tearDown -->
      </class> <!-- com.qa.singletonclass.PageTest -->
    </test> <!-- Default test -->
  </suite> <!-- Default suite -->
</testng-results>
